<?xml version='1.0' encoding='UTF-8'?>
<testsuite hostname="Adityas-MacBook-Pro.local" name="myDSLInterfaceTest" tests="15" errors="0" failures="0" skipped="0" time="0.05" timestamp="2022-03-20T16:16:28">
          <properties>
[...]
</properties>
          <testcase classname="myDSLInterfaceTest" name="Feature: Interface creation Scenario: no private/protected fields in Interface" time="0.022">
                      
                    </testcase><testcase classname="myDSLInterfaceTest" name="Feature: Interface creation Scenario: abstract methods cannot have body" time="0.001">
                      
                    </testcase><testcase classname="myDSLInterfaceTest" name="Feature: Interface creation Scenario: interface methods cannot be concrete" time="0.001">
                      
                    </testcase><testcase classname="myDSLInterfaceTest" name="Feature: Interface creation Scenario: interfaces cannot have constructors" time="0.001">
                      
                    </testcase><testcase classname="myDSLInterfaceTest" name="Feature: interface inheritance Scenario: inherited fields" time="0.001">
                      
                    </testcase><testcase classname="myDSLInterfaceTest" name="Feature: interface inheritance Scenario: cyclic composition should throw error" time="0.001">
                      
                    </testcase><testcase classname="myDSLInterfaceTest" name="Feature: interface implements Scenario: multiple interfaces with duplicate fields" time="0.002">
                      
                    </testcase><testcase classname="myDSLInterfaceTest" name="Feature: interface implements Scenario: class instance using fields from implemented interfaces" time="0.002">
                      
                    </testcase><testcase classname="myDSLInterfaceTest" name="Feature: interface implements Scenario: prioritizing inherited fields over implemented interface fields" time="0.008">
                      
                    </testcase><testcase classname="myDSLInterfaceTest" name="Feature: interface implements Scenario: classes must implement all methods of interface" time="0.003">
                      
                    </testcase><testcase classname="myDSLInterfaceTest" name="Feature: interface implements Scenario: Interface dynamic dispatch" time="0.0">
                      
                    </testcase><testcase classname="myDSLInterfaceTest" name="Feature: Abstract class creation Scenario: abstract class must have atleast one abstract method(s)" time="0.005">
                      
                    </testcase><testcase classname="myDSLInterfaceTest" name="Feature: Abstract class creation Scenario: classes must implement all abstract methods in inherited abstract class" time="0.003">
                      
                    </testcase><testcase classname="myDSLInterfaceTest" name="Feature: Abstract class creation Scenario: class inheriting abstract class" time="0.0">
                      
                    </testcase><testcase classname="myDSLInterfaceTest" name="Feature: Abstract class creation Scenario: abstract class upcasting" time="0.0">
                      
                    </testcase>
          <system-out><![CDATA[]]></system-out>
          <system-err><![CDATA[]]></system-err>
        </testsuite>