<?xml version='1.0' encoding='UTF-8'?>
<testsuite hostname="Adityas-MacBook-Pro.local" name="myDSLClassExtTest" tests="7" errors="0" failures="4" skipped="0" time="0.051" timestamp="2022-03-20T16:16:28">
          <properties>
[...]
</properties>
          <testcase classname="myDSLClassExtTest" name="Feature: Class Creation Scenario: Functioning constructor and fields" time="0.03">
                      
                    </testcase><testcase classname="myDSLClassExtTest" name="Feature: Class Creation Scenario: Functioning parameterized method" time="0.015">
                      
                    </testcase><testcase classname="myDSLClassExtTest" name="Feature: Class Creation Scenario: Inheritance" time="0.003">
                      <failure message="key not found: someClassName" type="java.util.NoSuchElementException">java.util.NoSuchElementException: key not found: someClassName
	at scala.collection.MapOps.default(Map.scala:274)
	at scala.collection.MapOps.default$(Map.scala:273)
	at scala.collection.AbstractMap.default(Map.scala:405)
	at scala.collection.mutable.HashMap.apply(HashMap.scala:425)
	at myDSLClassExt.myDSLClassExt$myDSLClassExt.eval(myDSLClassExt.scala:473)
	at myDSLClassExt.myDSLClassExt$myDSLClassExt.eval(myDSLClassExt.scala:465)
	at myDSLClassExt.myDSLClassExt$myDSLClassExt.eval(myDSLClassExt.scala:411)
	at myDSLClassExtTest.testFun$proxy3$1(myDSLClassExtTest.scala:29)
	at myDSLClassExtTest.fun$proxy1$3$$anonfun$3(myDSLClassExtTest.scala:25)
	at org.scalatest.featurespec.AnyFeatureSpecLike.ScenarioImpl$$anonfun$1(AnyFeatureSpecLike.scala:138)
	at org.scalatest.Transformer.apply$$anonfun$1(Transformer.scala:22)
	at org.scalatest.OutcomeOf.outcomeOf(OutcomeOf.scala:85)
	at org.scalatest.OutcomeOf.outcomeOf$(OutcomeOf.scala:31)
	at org.scalatest.OutcomeOf$.outcomeOf(OutcomeOf.scala:104)
	at org.scalatest.Transformer.apply(Transformer.scala:22)
	at org.scalatest.Transformer.apply(Transformer.scala:21)
	at org.scalatest.featurespec.AnyFeatureSpecLike$$anon$1.apply(AnyFeatureSpecLike.scala:281)
	at org.scalatest.TestSuite.withFixture(TestSuite.scala:196)
	at org.scalatest.TestSuite.withFixture$(TestSuite.scala:138)
	at org.scalatest.featurespec.AnyFeatureSpec.withFixture(AnyFeatureSpec.scala:1826)
	at org.scalatest.featurespec.AnyFeatureSpecLike.invokeWithFixture$1(AnyFeatureSpecLike.scala:287)
	at org.scalatest.featurespec.AnyFeatureSpecLike.runTest$$anonfun$1(AnyFeatureSpecLike.scala:291)
	at org.scalatest.SuperEngine.runTestImpl(Engine.scala:306)
	at org.scalatest.featurespec.AnyFeatureSpecLike.runTest(AnyFeatureSpecLike.scala:291)
	at org.scalatest.featurespec.AnyFeatureSpecLike.runTest$(AnyFeatureSpecLike.scala:47)
	at org.scalatest.featurespec.AnyFeatureSpec.runTest(AnyFeatureSpec.scala:1826)
	at org.scalatest.featurespec.AnyFeatureSpecLike.runTests$$anonfun$1(AnyFeatureSpecLike.scala:350)
	at org.scalatest.SuperEngine.traverseSubNodes$2$$anonfun$1(Engine.scala:413)
	at scala.runtime.function.JProcedure1.apply(JProcedure1.java:15)
	at scala.runtime.function.JProcedure1.apply(JProcedure1.java:10)
	at scala.collection.immutable.List.foreach(List.scala:333)
	at org.scalatest.SuperEngine.traverseSubNodes$1(Engine.scala:429)
	at org.scalatest.SuperEngine.runTestsInBranch(Engine.scala:390)
	at org.scalatest.SuperEngine.traverseSubNodes$2$$anonfun$1(Engine.scala:427)
	at scala.runtime.function.JProcedure1.apply(JProcedure1.java:15)
	at scala.runtime.function.JProcedure1.apply(JProcedure1.java:10)
	at scala.collection.immutable.List.foreach(List.scala:333)
	at org.scalatest.SuperEngine.traverseSubNodes$1(Engine.scala:429)
	at org.scalatest.SuperEngine.runTestsInBranch(Engine.scala:396)
	at org.scalatest.SuperEngine.runTestsImpl(Engine.scala:475)
	at org.scalatest.featurespec.AnyFeatureSpecLike.runTests(AnyFeatureSpecLike.scala:350)
	at org.scalatest.featurespec.AnyFeatureSpecLike.runTests$(AnyFeatureSpecLike.scala:47)
	at org.scalatest.featurespec.AnyFeatureSpec.runTests(AnyFeatureSpec.scala:1826)
	at org.scalatest.Suite.run(Suite.scala:1112)
	at org.scalatest.Suite.run$(Suite.scala:563)
	at org.scalatest.featurespec.AnyFeatureSpec.org$scalatest$featurespec$AnyFeatureSpecLike$$super$run(AnyFeatureSpec.scala:1826)
	at org.scalatest.featurespec.AnyFeatureSpecLike.run$$anonfun$1(AnyFeatureSpecLike.scala:391)
	at org.scalatest.SuperEngine.runImpl(Engine.scala:535)
	at org.scalatest.featurespec.AnyFeatureSpecLike.run(AnyFeatureSpecLike.scala:391)
	at org.scalatest.featurespec.AnyFeatureSpecLike.run$(AnyFeatureSpecLike.scala:47)
	at org.scalatest.featurespec.AnyFeatureSpec.run(AnyFeatureSpec.scala:1826)
	at org.scalatest.tools.Framework.org$scalatest$tools$Framework$$runSuite(Framework.scala:318)
	at org.scalatest.tools.Framework$ScalaTestTask.execute(Framework.scala:513)
	at sbt.TestRunner.runTest$1(TestFramework.scala:140)
	at sbt.TestRunner.run(TestFramework.scala:155)
	at sbt.TestFramework$$anon$3$$anonfun$$lessinit$greater$1.$anonfun$apply$1(TestFramework.scala:318)
	at sbt.TestFramework$.sbt$TestFramework$$withContextLoader(TestFramework.scala:278)
	at sbt.TestFramework$$anon$3$$anonfun$$lessinit$greater$1.apply(TestFramework.scala:318)
	at sbt.TestFramework$$anon$3$$anonfun$$lessinit$greater$1.apply(TestFramework.scala:318)
	at sbt.TestFunction.apply(TestFramework.scala:330)
	at sbt.Tests$.$anonfun$toTask$1(Tests.scala:435)
	at sbt.std.Transform$$anon$3.$anonfun$apply$2(Transform.scala:46)
	at sbt.std.Transform$$anon$4.work(Transform.scala:68)
	at sbt.Execute.$anonfun$submit$2(Execute.scala:282)
	at sbt.internal.util.ErrorHandling$.wideConvert(ErrorHandling.scala:23)
	at sbt.Execute.work(Execute.scala:291)
	at sbt.Execute.$anonfun$submit$1(Execute.scala:282)
	at sbt.ConcurrentRestrictions$$anon$4.$anonfun$submitValid$1(ConcurrentRestrictions.scala:265)
	at sbt.CompletionService$$anon$2.call(CompletionService.scala:64)
	at java.base/java.util.concurrent.FutureTask.run(FutureTask.java:264)
	at java.base/java.util.concurrent.Executors$RunnableAdapter.call(Executors.java:539)
	at java.base/java.util.concurrent.FutureTask.run(FutureTask.java:264)
	at java.base/java.util.concurrent.ThreadPoolExecutor.runWorker(ThreadPoolExecutor.java:1136)
	at java.base/java.util.concurrent.ThreadPoolExecutor$Worker.run(ThreadPoolExecutor.java:635)
	at java.base/java.lang.Thread.run(Thread.java:833)
</failure>
                    </testcase><testcase classname="myDSLClassExtTest" name="Feature: Class Creation Scenario: Access modifiers" time="0.001">
                      
                    </testcase><testcase classname="myDSLClassExtTest" name="Feature: Class Creation Scenario: method and variable overriding" time="0.001">
                      <failure message="key not found: someClassName" type="java.util.NoSuchElementException">java.util.NoSuchElementException: key not found: someClassName
	at scala.collection.MapOps.default(Map.scala:274)
	at scala.collection.MapOps.default$(Map.scala:273)
	at scala.collection.AbstractMap.default(Map.scala:405)
	at scala.collection.mutable.HashMap.apply(HashMap.scala:425)
	at myDSLClassExt.myDSLClassExt$myDSLClassExt.eval(myDSLClassExt.scala:473)
	at myDSLClassExt.myDSLClassExt$myDSLClassExt.eval(myDSLClassExt.scala:465)
	at myDSLClassExt.myDSLClassExt$myDSLClassExt.eval(myDSLClassExt.scala:411)
	at myDSLClassExtTest.testFun$proxy5$1(myDSLClassExtTest.scala:52)
	at myDSLClassExtTest.fun$proxy1$5$$anonfun$5(myDSLClassExtTest.scala:48)
	at org.scalatest.featurespec.AnyFeatureSpecLike.ScenarioImpl$$anonfun$1(AnyFeatureSpecLike.scala:138)
	at org.scalatest.Transformer.apply$$anonfun$1(Transformer.scala:22)
	at org.scalatest.OutcomeOf.outcomeOf(OutcomeOf.scala:85)
	at org.scalatest.OutcomeOf.outcomeOf$(OutcomeOf.scala:31)
	at org.scalatest.OutcomeOf$.outcomeOf(OutcomeOf.scala:104)
	at org.scalatest.Transformer.apply(Transformer.scala:22)
	at org.scalatest.Transformer.apply(Transformer.scala:21)
	at org.scalatest.featurespec.AnyFeatureSpecLike$$anon$1.apply(AnyFeatureSpecLike.scala:281)
	at org.scalatest.TestSuite.withFixture(TestSuite.scala:196)
	at org.scalatest.TestSuite.withFixture$(TestSuite.scala:138)
	at org.scalatest.featurespec.AnyFeatureSpec.withFixture(AnyFeatureSpec.scala:1826)
	at org.scalatest.featurespec.AnyFeatureSpecLike.invokeWithFixture$1(AnyFeatureSpecLike.scala:287)
	at org.scalatest.featurespec.AnyFeatureSpecLike.runTest$$anonfun$1(AnyFeatureSpecLike.scala:291)
	at org.scalatest.SuperEngine.runTestImpl(Engine.scala:306)
	at org.scalatest.featurespec.AnyFeatureSpecLike.runTest(AnyFeatureSpecLike.scala:291)
	at org.scalatest.featurespec.AnyFeatureSpecLike.runTest$(AnyFeatureSpecLike.scala:47)
	at org.scalatest.featurespec.AnyFeatureSpec.runTest(AnyFeatureSpec.scala:1826)
	at org.scalatest.featurespec.AnyFeatureSpecLike.runTests$$anonfun$1(AnyFeatureSpecLike.scala:350)
	at org.scalatest.SuperEngine.traverseSubNodes$2$$anonfun$1(Engine.scala:413)
	at scala.runtime.function.JProcedure1.apply(JProcedure1.java:15)
	at scala.runtime.function.JProcedure1.apply(JProcedure1.java:10)
	at scala.collection.immutable.List.foreach(List.scala:333)
	at org.scalatest.SuperEngine.traverseSubNodes$1(Engine.scala:429)
	at org.scalatest.SuperEngine.runTestsInBranch(Engine.scala:390)
	at org.scalatest.SuperEngine.traverseSubNodes$2$$anonfun$1(Engine.scala:427)
	at scala.runtime.function.JProcedure1.apply(JProcedure1.java:15)
	at scala.runtime.function.JProcedure1.apply(JProcedure1.java:10)
	at scala.collection.immutable.List.foreach(List.scala:333)
	at org.scalatest.SuperEngine.traverseSubNodes$1(Engine.scala:429)
	at org.scalatest.SuperEngine.runTestsInBranch(Engine.scala:396)
	at org.scalatest.SuperEngine.runTestsImpl(Engine.scala:475)
	at org.scalatest.featurespec.AnyFeatureSpecLike.runTests(AnyFeatureSpecLike.scala:350)
	at org.scalatest.featurespec.AnyFeatureSpecLike.runTests$(AnyFeatureSpecLike.scala:47)
	at org.scalatest.featurespec.AnyFeatureSpec.runTests(AnyFeatureSpec.scala:1826)
	at org.scalatest.Suite.run(Suite.scala:1112)
	at org.scalatest.Suite.run$(Suite.scala:563)
	at org.scalatest.featurespec.AnyFeatureSpec.org$scalatest$featurespec$AnyFeatureSpecLike$$super$run(AnyFeatureSpec.scala:1826)
	at org.scalatest.featurespec.AnyFeatureSpecLike.run$$anonfun$1(AnyFeatureSpecLike.scala:391)
	at org.scalatest.SuperEngine.runImpl(Engine.scala:535)
	at org.scalatest.featurespec.AnyFeatureSpecLike.run(AnyFeatureSpecLike.scala:391)
	at org.scalatest.featurespec.AnyFeatureSpecLike.run$(AnyFeatureSpecLike.scala:47)
	at org.scalatest.featurespec.AnyFeatureSpec.run(AnyFeatureSpec.scala:1826)
	at org.scalatest.tools.Framework.org$scalatest$tools$Framework$$runSuite(Framework.scala:318)
	at org.scalatest.tools.Framework$ScalaTestTask.execute(Framework.scala:513)
	at sbt.TestRunner.runTest$1(TestFramework.scala:140)
	at sbt.TestRunner.run(TestFramework.scala:155)
	at sbt.TestFramework$$anon$3$$anonfun$$lessinit$greater$1.$anonfun$apply$1(TestFramework.scala:318)
	at sbt.TestFramework$.sbt$TestFramework$$withContextLoader(TestFramework.scala:278)
	at sbt.TestFramework$$anon$3$$anonfun$$lessinit$greater$1.apply(TestFramework.scala:318)
	at sbt.TestFramework$$anon$3$$anonfun$$lessinit$greater$1.apply(TestFramework.scala:318)
	at sbt.TestFunction.apply(TestFramework.scala:330)
	at sbt.Tests$.$anonfun$toTask$1(Tests.scala:435)
	at sbt.std.Transform$$anon$3.$anonfun$apply$2(Transform.scala:46)
	at sbt.std.Transform$$anon$4.work(Transform.scala:68)
	at sbt.Execute.$anonfun$submit$2(Execute.scala:282)
	at sbt.internal.util.ErrorHandling$.wideConvert(ErrorHandling.scala:23)
	at sbt.Execute.work(Execute.scala:291)
	at sbt.Execute.$anonfun$submit$1(Execute.scala:282)
	at sbt.ConcurrentRestrictions$$anon$4.$anonfun$submitValid$1(ConcurrentRestrictions.scala:265)
	at sbt.CompletionService$$anon$2.call(CompletionService.scala:64)
	at java.base/java.util.concurrent.FutureTask.run(FutureTask.java:264)
	at java.base/java.util.concurrent.Executors$RunnableAdapter.call(Executors.java:539)
	at java.base/java.util.concurrent.FutureTask.run(FutureTask.java:264)
	at java.base/java.util.concurrent.ThreadPoolExecutor.runWorker(ThreadPoolExecutor.java:1136)
	at java.base/java.util.concurrent.ThreadPoolExecutor$Worker.run(ThreadPoolExecutor.java:635)
	at java.base/java.lang.Thread.run(Thread.java:833)
</failure>
                    </testcase><testcase classname="myDSLClassExtTest" name="Feature: Class Creation Scenario: virtual dispatch" time="0.0">
                      <failure message="key not found: someClassName" type="java.util.NoSuchElementException">java.util.NoSuchElementException: key not found: someClassName
	at scala.collection.MapOps.default(Map.scala:274)
	at scala.collection.MapOps.default$(Map.scala:273)
	at scala.collection.AbstractMap.default(Map.scala:405)
	at scala.collection.mutable.HashMap.apply(HashMap.scala:425)
	at myDSLClassExt.myDSLClassExt$myDSLClassExt.eval(myDSLClassExt.scala:473)
	at myDSLClassExt.myDSLClassExt$myDSLClassExt.eval(myDSLClassExt.scala:465)
	at myDSLClassExt.myDSLClassExt$myDSLClassExt.eval(myDSLClassExt.scala:411)
	at myDSLClassExtTest.testFun$proxy6$1(myDSLClassExtTest.scala:59)
	at myDSLClassExtTest.fun$proxy1$6$$anonfun$6(myDSLClassExtTest.scala:57)
	at org.scalatest.featurespec.AnyFeatureSpecLike.ScenarioImpl$$anonfun$1(AnyFeatureSpecLike.scala:138)
	at org.scalatest.Transformer.apply$$anonfun$1(Transformer.scala:22)
	at org.scalatest.OutcomeOf.outcomeOf(OutcomeOf.scala:85)
	at org.scalatest.OutcomeOf.outcomeOf$(OutcomeOf.scala:31)
	at org.scalatest.OutcomeOf$.outcomeOf(OutcomeOf.scala:104)
	at org.scalatest.Transformer.apply(Transformer.scala:22)
	at org.scalatest.Transformer.apply(Transformer.scala:21)
	at org.scalatest.featurespec.AnyFeatureSpecLike$$anon$1.apply(AnyFeatureSpecLike.scala:281)
	at org.scalatest.TestSuite.withFixture(TestSuite.scala:196)
	at org.scalatest.TestSuite.withFixture$(TestSuite.scala:138)
	at org.scalatest.featurespec.AnyFeatureSpec.withFixture(AnyFeatureSpec.scala:1826)
	at org.scalatest.featurespec.AnyFeatureSpecLike.invokeWithFixture$1(AnyFeatureSpecLike.scala:287)
	at org.scalatest.featurespec.AnyFeatureSpecLike.runTest$$anonfun$1(AnyFeatureSpecLike.scala:291)
	at org.scalatest.SuperEngine.runTestImpl(Engine.scala:306)
	at org.scalatest.featurespec.AnyFeatureSpecLike.runTest(AnyFeatureSpecLike.scala:291)
	at org.scalatest.featurespec.AnyFeatureSpecLike.runTest$(AnyFeatureSpecLike.scala:47)
	at org.scalatest.featurespec.AnyFeatureSpec.runTest(AnyFeatureSpec.scala:1826)
	at org.scalatest.featurespec.AnyFeatureSpecLike.runTests$$anonfun$1(AnyFeatureSpecLike.scala:350)
	at org.scalatest.SuperEngine.traverseSubNodes$2$$anonfun$1(Engine.scala:413)
	at scala.runtime.function.JProcedure1.apply(JProcedure1.java:15)
	at scala.runtime.function.JProcedure1.apply(JProcedure1.java:10)
	at scala.collection.immutable.List.foreach(List.scala:333)
	at org.scalatest.SuperEngine.traverseSubNodes$1(Engine.scala:429)
	at org.scalatest.SuperEngine.runTestsInBranch(Engine.scala:390)
	at org.scalatest.SuperEngine.traverseSubNodes$2$$anonfun$1(Engine.scala:427)
	at scala.runtime.function.JProcedure1.apply(JProcedure1.java:15)
	at scala.runtime.function.JProcedure1.apply(JProcedure1.java:10)
	at scala.collection.immutable.List.foreach(List.scala:333)
	at org.scalatest.SuperEngine.traverseSubNodes$1(Engine.scala:429)
	at org.scalatest.SuperEngine.runTestsInBranch(Engine.scala:396)
	at org.scalatest.SuperEngine.runTestsImpl(Engine.scala:475)
	at org.scalatest.featurespec.AnyFeatureSpecLike.runTests(AnyFeatureSpecLike.scala:350)
	at org.scalatest.featurespec.AnyFeatureSpecLike.runTests$(AnyFeatureSpecLike.scala:47)
	at org.scalatest.featurespec.AnyFeatureSpec.runTests(AnyFeatureSpec.scala:1826)
	at org.scalatest.Suite.run(Suite.scala:1112)
	at org.scalatest.Suite.run$(Suite.scala:563)
	at org.scalatest.featurespec.AnyFeatureSpec.org$scalatest$featurespec$AnyFeatureSpecLike$$super$run(AnyFeatureSpec.scala:1826)
	at org.scalatest.featurespec.AnyFeatureSpecLike.run$$anonfun$1(AnyFeatureSpecLike.scala:391)
	at org.scalatest.SuperEngine.runImpl(Engine.scala:535)
	at org.scalatest.featurespec.AnyFeatureSpecLike.run(AnyFeatureSpecLike.scala:391)
	at org.scalatest.featurespec.AnyFeatureSpecLike.run$(AnyFeatureSpecLike.scala:47)
	at org.scalatest.featurespec.AnyFeatureSpec.run(AnyFeatureSpec.scala:1826)
	at org.scalatest.tools.Framework.org$scalatest$tools$Framework$$runSuite(Framework.scala:318)
	at org.scalatest.tools.Framework$ScalaTestTask.execute(Framework.scala:513)
	at sbt.TestRunner.runTest$1(TestFramework.scala:140)
	at sbt.TestRunner.run(TestFramework.scala:155)
	at sbt.TestFramework$$anon$3$$anonfun$$lessinit$greater$1.$anonfun$apply$1(TestFramework.scala:318)
	at sbt.TestFramework$.sbt$TestFramework$$withContextLoader(TestFramework.scala:278)
	at sbt.TestFramework$$anon$3$$anonfun$$lessinit$greater$1.apply(TestFramework.scala:318)
	at sbt.TestFramework$$anon$3$$anonfun$$lessinit$greater$1.apply(TestFramework.scala:318)
	at sbt.TestFunction.apply(TestFramework.scala:330)
	at sbt.Tests$.$anonfun$toTask$1(Tests.scala:435)
	at sbt.std.Transform$$anon$3.$anonfun$apply$2(Transform.scala:46)
	at sbt.std.Transform$$anon$4.work(Transform.scala:68)
	at sbt.Execute.$anonfun$submit$2(Execute.scala:282)
	at sbt.internal.util.ErrorHandling$.wideConvert(ErrorHandling.scala:23)
	at sbt.Execute.work(Execute.scala:291)
	at sbt.Execute.$anonfun$submit$1(Execute.scala:282)
	at sbt.ConcurrentRestrictions$$anon$4.$anonfun$submitValid$1(ConcurrentRestrictions.scala:265)
	at sbt.CompletionService$$anon$2.call(CompletionService.scala:64)
	at java.base/java.util.concurrent.FutureTask.run(FutureTask.java:264)
	at java.base/java.util.concurrent.Executors$RunnableAdapter.call(Executors.java:539)
	at java.base/java.util.concurrent.FutureTask.run(FutureTask.java:264)
	at java.base/java.util.concurrent.ThreadPoolExecutor.runWorker(ThreadPoolExecutor.java:1136)
	at java.base/java.util.concurrent.ThreadPoolExecutor$Worker.run(ThreadPoolExecutor.java:635)
	at java.base/java.lang.Thread.run(Thread.java:833)
</failure>
                    </testcase><testcase classname="myDSLClassExtTest" name="Feature: Class Creation Scenario: inner class" time="0.001">
                      <failure message="key not found: someClassName" type="java.util.NoSuchElementException">java.util.NoSuchElementException: key not found: someClassName
	at scala.collection.MapOps.default(Map.scala:274)
	at scala.collection.MapOps.default$(Map.scala:273)
	at scala.collection.AbstractMap.default(Map.scala:405)
	at scala.collection.mutable.HashMap.apply(HashMap.scala:425)
	at myDSLClassExt.myDSLClassExt$myDSLClassExt.eval(myDSLClassExt.scala:473)
	at myDSLClassExt.myDSLClassExt$myDSLClassExt.eval(myDSLClassExt.scala:465)
	at myDSLClassExt.myDSLClassExt$myDSLClassExt.eval(myDSLClassExt.scala:411)
	at myDSLClassExtTest.testFun$proxy7$1(myDSLClassExtTest.scala:67)
	at myDSLClassExtTest.fun$proxy1$7$$anonfun$7(myDSLClassExtTest.scala:64)
	at org.scalatest.featurespec.AnyFeatureSpecLike.ScenarioImpl$$anonfun$1(AnyFeatureSpecLike.scala:138)
	at org.scalatest.Transformer.apply$$anonfun$1(Transformer.scala:22)
	at org.scalatest.OutcomeOf.outcomeOf(OutcomeOf.scala:85)
	at org.scalatest.OutcomeOf.outcomeOf$(OutcomeOf.scala:31)
	at org.scalatest.OutcomeOf$.outcomeOf(OutcomeOf.scala:104)
	at org.scalatest.Transformer.apply(Transformer.scala:22)
	at org.scalatest.Transformer.apply(Transformer.scala:21)
	at org.scalatest.featurespec.AnyFeatureSpecLike$$anon$1.apply(AnyFeatureSpecLike.scala:281)
	at org.scalatest.TestSuite.withFixture(TestSuite.scala:196)
	at org.scalatest.TestSuite.withFixture$(TestSuite.scala:138)
	at org.scalatest.featurespec.AnyFeatureSpec.withFixture(AnyFeatureSpec.scala:1826)
	at org.scalatest.featurespec.AnyFeatureSpecLike.invokeWithFixture$1(AnyFeatureSpecLike.scala:287)
	at org.scalatest.featurespec.AnyFeatureSpecLike.runTest$$anonfun$1(AnyFeatureSpecLike.scala:291)
	at org.scalatest.SuperEngine.runTestImpl(Engine.scala:306)
	at org.scalatest.featurespec.AnyFeatureSpecLike.runTest(AnyFeatureSpecLike.scala:291)
	at org.scalatest.featurespec.AnyFeatureSpecLike.runTest$(AnyFeatureSpecLike.scala:47)
	at org.scalatest.featurespec.AnyFeatureSpec.runTest(AnyFeatureSpec.scala:1826)
	at org.scalatest.featurespec.AnyFeatureSpecLike.runTests$$anonfun$1(AnyFeatureSpecLike.scala:350)
	at org.scalatest.SuperEngine.traverseSubNodes$2$$anonfun$1(Engine.scala:413)
	at scala.runtime.function.JProcedure1.apply(JProcedure1.java:15)
	at scala.runtime.function.JProcedure1.apply(JProcedure1.java:10)
	at scala.collection.immutable.List.foreach(List.scala:333)
	at org.scalatest.SuperEngine.traverseSubNodes$1(Engine.scala:429)
	at org.scalatest.SuperEngine.runTestsInBranch(Engine.scala:390)
	at org.scalatest.SuperEngine.traverseSubNodes$2$$anonfun$1(Engine.scala:427)
	at scala.runtime.function.JProcedure1.apply(JProcedure1.java:15)
	at scala.runtime.function.JProcedure1.apply(JProcedure1.java:10)
	at scala.collection.immutable.List.foreach(List.scala:333)
	at org.scalatest.SuperEngine.traverseSubNodes$1(Engine.scala:429)
	at org.scalatest.SuperEngine.runTestsInBranch(Engine.scala:396)
	at org.scalatest.SuperEngine.runTestsImpl(Engine.scala:475)
	at org.scalatest.featurespec.AnyFeatureSpecLike.runTests(AnyFeatureSpecLike.scala:350)
	at org.scalatest.featurespec.AnyFeatureSpecLike.runTests$(AnyFeatureSpecLike.scala:47)
	at org.scalatest.featurespec.AnyFeatureSpec.runTests(AnyFeatureSpec.scala:1826)
	at org.scalatest.Suite.run(Suite.scala:1112)
	at org.scalatest.Suite.run$(Suite.scala:563)
	at org.scalatest.featurespec.AnyFeatureSpec.org$scalatest$featurespec$AnyFeatureSpecLike$$super$run(AnyFeatureSpec.scala:1826)
	at org.scalatest.featurespec.AnyFeatureSpecLike.run$$anonfun$1(AnyFeatureSpecLike.scala:391)
	at org.scalatest.SuperEngine.runImpl(Engine.scala:535)
	at org.scalatest.featurespec.AnyFeatureSpecLike.run(AnyFeatureSpecLike.scala:391)
	at org.scalatest.featurespec.AnyFeatureSpecLike.run$(AnyFeatureSpecLike.scala:47)
	at org.scalatest.featurespec.AnyFeatureSpec.run(AnyFeatureSpec.scala:1826)
	at org.scalatest.tools.Framework.org$scalatest$tools$Framework$$runSuite(Framework.scala:318)
	at org.scalatest.tools.Framework$ScalaTestTask.execute(Framework.scala:513)
	at sbt.TestRunner.runTest$1(TestFramework.scala:140)
	at sbt.TestRunner.run(TestFramework.scala:155)
	at sbt.TestFramework$$anon$3$$anonfun$$lessinit$greater$1.$anonfun$apply$1(TestFramework.scala:318)
	at sbt.TestFramework$.sbt$TestFramework$$withContextLoader(TestFramework.scala:278)
	at sbt.TestFramework$$anon$3$$anonfun$$lessinit$greater$1.apply(TestFramework.scala:318)
	at sbt.TestFramework$$anon$3$$anonfun$$lessinit$greater$1.apply(TestFramework.scala:318)
	at sbt.TestFunction.apply(TestFramework.scala:330)
	at sbt.Tests$.$anonfun$toTask$1(Tests.scala:435)
	at sbt.std.Transform$$anon$3.$anonfun$apply$2(Transform.scala:46)
	at sbt.std.Transform$$anon$4.work(Transform.scala:68)
	at sbt.Execute.$anonfun$submit$2(Execute.scala:282)
	at sbt.internal.util.ErrorHandling$.wideConvert(ErrorHandling.scala:23)
	at sbt.Execute.work(Execute.scala:291)
	at sbt.Execute.$anonfun$submit$1(Execute.scala:282)
	at sbt.ConcurrentRestrictions$$anon$4.$anonfun$submitValid$1(ConcurrentRestrictions.scala:265)
	at sbt.CompletionService$$anon$2.call(CompletionService.scala:64)
	at java.base/java.util.concurrent.FutureTask.run(FutureTask.java:264)
	at java.base/java.util.concurrent.Executors$RunnableAdapter.call(Executors.java:539)
	at java.base/java.util.concurrent.FutureTask.run(FutureTask.java:264)
	at java.base/java.util.concurrent.ThreadPoolExecutor.runWorker(ThreadPoolExecutor.java:1136)
	at java.base/java.util.concurrent.ThreadPoolExecutor$Worker.run(ThreadPoolExecutor.java:635)
	at java.base/java.lang.Thread.run(Thread.java:833)
</failure>
                    </testcase>
          <system-out><![CDATA[]]></system-out>
          <system-err><![CDATA[]]></system-err>
        </testsuite>